<?xml version="1.0" encoding="UTF-8"?>
<robot generator="Robot 3.2.2 (Python 3.7.4 on win32)" generated="20210211 00:44:43.012" rpa="false">
<suite id="s1" name="Webauthi" source="C:\Users\Mallikarjun\PycharmProjects\newproject\webauthintication\webauthi.robot">
<test id="s1-t1" name="handle web auth">
<kw name="New Browser">
<arguments>
<arg>chromium</arg>
</arguments>
<msg timestamp="20210211 00:44:44.264" level="FAIL">No keyword with name 'New Browser' found.</msg>
<status status="FAIL" starttime="20210211 00:44:44.263" endtime="20210211 00:44:44.264"></status>
</kw>
<status status="FAIL" starttime="20210211 00:44:44.247" endtime="20210211 00:44:44.265" critical="yes">No keyword with name 'New Browser' found.</status>
</test>
<status status="FAIL" starttime="20210211 00:44:43.019" endtime="20210211 00:44:44.270"></status>
</suite>
<statistics>
<total>
<stat pass="0" fail="1">Critical Tests</stat>
<stat pass="0" fail="1">All Tests</stat>
</total>
<tag>
</tag>
<suite>
<stat pass="0" fail="1" id="s1" name="Webauthi">Webauthi</stat>
</suite>
</statistics>
<errors>
<msg timestamp="20210211 00:44:44.241" level="ERROR">Error in file 'C:\Users\Mallikarjun\PycharmProjects\newproject\webauthintication\webauthi.robot' on line 3: Initializing test library 'Browser' with no arguments failed: Couldn't execute node. Please ensure you have node.js installed and in PATH. See https://nodejs.org/ for instructions. Original error is [WinError 2] The system cannot find the file specified
Traceback (most recent call last):
  File "c:\users\mallikarjun\pycharmprojects\newproject\venv\lib\site-packages\Browser\browser.py", line 660, in __init__
    self.playwright = Playwright(self, enable_playwright_debug)
  File "c:\users\mallikarjun\pycharmprojects\newproject\venv\lib\site-packages\Browser\playwright.py", line 42, in __init__
    self.ensure_node_dependencies()
  File "c:\users\mallikarjun\pycharmprojects\newproject\venv\lib\site-packages\Browser\playwright.py", line 57, in ensure_node_dependencies
    "Couldn't execute node. Please ensure you have node.js installed and in PATH. "</msg>
</errors>
</robot>
